The system is: Linux - 5.10.76-linuxkit - x86_64
Compiling the CXX compiler identification source file "CMakeCXXCompilerId.cpp" succeeded.
Compiler: /u/sw/toolchains/gcc-glibc/11/prefix/bin/g++ 
Build flags: 
Id flags:  

The output was:
0


Compilation of the CXX compiler identification source "CMakeCXXCompilerId.cpp" produced "a.out"

The CXX compiler identification is GNU, found in "/root/mnt/pybind_manylinux/build2/CMakeFiles/3.20.5/CompilerIdCXX/a.out"

Detecting CXX compiler ABI info compiled with the following output:
Change Dir: /root/mnt/pybind_manylinux/build2/CMakeFiles/CMakeTmp

Run Build Command(s):/u/sw/toolchains/gcc-glibc/11/base/bin/gmake -f Makefile cmTC_d4ed5/fast && /u/sw/toolchains/gcc-glibc/11/base/bin/gmake  -f CMakeFiles/cmTC_d4ed5.dir/build.make CMakeFiles/cmTC_d4ed5.dir/build
gmake[1]: Entering directory '/root/mnt/pybind_manylinux/build2/CMakeFiles/CMakeTmp'
Building CXX object CMakeFiles/cmTC_d4ed5.dir/CMakeCXXCompilerABI.cpp.o
/u/sw/toolchains/gcc-glibc/11/prefix/bin/g++   -v -o CMakeFiles/cmTC_d4ed5.dir/CMakeCXXCompilerABI.cpp.o -c /u/sw/toolchains/gcc-glibc/11/base/share/cmake-3.20/Modules/CMakeCXXCompilerABI.cpp
Using built-in specs.
COLLECT_GCC=/u/sw/toolchains/gcc-glibc/11/prefix/bin/g++
Target: x86_64-mk-linux
Configured with: ../gcc-11.1.0/configure --build=x86_64-mk-linux --prefix=/u/sw/toolchains/gcc-glibc/11/prefix --with-local-prefix=/u/sw/toolchains/gcc-glibc/11/base --with-native-system-header-dir=/u/sw/toolchains/gcc-glibc/11/prefix/include --with-pkgversion=mk --with-bugurl=https://github.com/elauksap/mk/issues --disable-nls --disable-multilib --enable-shared --enable-threads=posix --enable-__cxa_atexit --enable-lto --enable-libgomp --disable-libstdcxx-pch --enable-bootstrap --enable-languages=c,c++,fortran
Thread model: posix
Supported LTO compression algorithms: zlib
gcc version 11.1.0 (mk) 
COLLECT_GCC_OPTIONS='-v' '-o' 'CMakeFiles/cmTC_d4ed5.dir/CMakeCXXCompilerABI.cpp.o' '-c' '-shared-libgcc' '-mtune=generic' '-march=x86-64' '-dumpdir' 'CMakeFiles/cmTC_d4ed5.dir/'
 /u/sw/toolchains/gcc-glibc/11/prefix/libexec/gcc/x86_64-mk-linux/11.1.0/cc1plus -quiet -v -D_GNU_SOURCE /u/sw/toolchains/gcc-glibc/11/base/share/cmake-3.20/Modules/CMakeCXXCompilerABI.cpp -quiet -dumpdir CMakeFiles/cmTC_d4ed5.dir/ -dumpbase CMakeCXXCompilerABI.cpp.cpp -dumpbase-ext .cpp -mtune=generic -march=x86-64 -version -o /tmp/ccyTGJk3.s
GNU C++17 (mk) version 11.1.0 (x86_64-mk-linux)
	compiled by GNU C version 11.1.0, GMP version 6.2.1, MPFR version 4.1.0, MPC version 1.2.1, isl version isl-0.24-GMP

GGC heuristics: --param ggc-min-expand=100 --param ggc-min-heapsize=131072
ignoring nonexistent directory "/u/sw/toolchains/gcc-glibc/11/prefix/lib/gcc/x86_64-mk-linux/11.1.0/../../../../x86_64-mk-linux/include"
ignoring duplicate directory "/u/sw/toolchains/gcc-glibc/11/prefix/include"
#include "..." search starts here:
#include <...> search starts here:
 /u/sw/toolchains/gcc-glibc/11/prefix/lib/gcc/x86_64-mk-linux/11.1.0/../../../../include/c++/11.1.0
 /u/sw/toolchains/gcc-glibc/11/prefix/lib/gcc/x86_64-mk-linux/11.1.0/../../../../include/c++/11.1.0/x86_64-mk-linux
 /u/sw/toolchains/gcc-glibc/11/prefix/lib/gcc/x86_64-mk-linux/11.1.0/../../../../include/c++/11.1.0/backward
 /u/sw/toolchains/gcc-glibc/11/prefix/lib/gcc/x86_64-mk-linux/11.1.0/include
 /u/sw/toolchains/gcc-glibc/11/base/include
 /u/sw/toolchains/gcc-glibc/11/prefix/include
 /u/sw/toolchains/gcc-glibc/11/prefix/lib/gcc/x86_64-mk-linux/11.1.0/include-fixed
End of search list.
GNU C++17 (mk) version 11.1.0 (x86_64-mk-linux)
	compiled by GNU C version 11.1.0, GMP version 6.2.1, MPFR version 4.1.0, MPC version 1.2.1, isl version isl-0.24-GMP

GGC heuristics: --param ggc-min-expand=100 --param ggc-min-heapsize=131072
Compiler executable checksum: 6a85f491b0c11c58c8373c5a10a779b0
COLLECT_GCC_OPTIONS='-v' '-o' 'CMakeFiles/cmTC_d4ed5.dir/CMakeCXXCompilerABI.cpp.o' '-c' '-shared-libgcc' '-mtune=generic' '-march=x86-64' '-dumpdir' 'CMakeFiles/cmTC_d4ed5.dir/'
 /u/sw/toolchains/gcc-glibc/11/prefix/lib/gcc/x86_64-mk-linux/11.1.0/../../../../x86_64-mk-linux/bin/as -v --64 -o CMakeFiles/cmTC_d4ed5.dir/CMakeCXXCompilerABI.cpp.o /tmp/ccyTGJk3.s
GNU assembler version 2.36.1 (x86_64-mk-linux) using BFD version (mk) 2.36.1
COMPILER_PATH=/u/sw/toolchains/gcc-glibc/11/prefix/libexec/gcc/x86_64-mk-linux/11.1.0/:/u/sw/toolchains/gcc-glibc/11/prefix/libexec/gcc/x86_64-mk-linux/11.1.0/:/u/sw/toolchains/gcc-glibc/11/prefix/libexec/gcc/x86_64-mk-linux/:/u/sw/toolchains/gcc-glibc/11/prefix/lib/gcc/x86_64-mk-linux/11.1.0/:/u/sw/toolchains/gcc-glibc/11/prefix/lib/gcc/x86_64-mk-linux/:/u/sw/toolchains/gcc-glibc/11/prefix/lib/gcc/x86_64-mk-linux/11.1.0/../../../../x86_64-mk-linux/bin/
LIBRARY_PATH=/u/sw/toolchains/gcc-glibc/11/prefix/lib/gcc/x86_64-mk-linux/11.1.0/:/u/sw/toolchains/gcc-glibc/11/prefix/lib/gcc/x86_64-mk-linux/11.1.0/../../../../x86_64-mk-linux/lib/../lib/:/u/sw/toolchains/gcc-glibc/11/prefix/lib/gcc/x86_64-mk-linux/11.1.0/../../../../lib/:/u/sw/toolchains/gcc-glibc/11/prefix/lib/gcc/x86_64-mk-linux/11.1.0/../../../../x86_64-mk-linux/lib/:/u/sw/toolchains/gcc-glibc/11/prefix/lib/gcc/x86_64-mk-linux/11.1.0/../../../:/u/sw/toolchains/gcc-glibc/11/prefix/lib:/u/sw/toolchains/gcc-glibc/11/base/lib
COLLECT_GCC_OPTIONS='-v' '-o' 'CMakeFiles/cmTC_d4ed5.dir/CMakeCXXCompilerABI.cpp.o' '-c' '-shared-libgcc' '-mtune=generic' '-march=x86-64' '-dumpdir' 'CMakeFiles/cmTC_d4ed5.dir/CMakeCXXCompilerABI.cpp.'
Linking CXX executable cmTC_d4ed5
/u/sw/toolchains/gcc-glibc/11/base/bin/cmake -E cmake_link_script CMakeFiles/cmTC_d4ed5.dir/link.txt --verbose=1
/u/sw/toolchains/gcc-glibc/11/prefix/bin/g++  -v CMakeFiles/cmTC_d4ed5.dir/CMakeCXXCompilerABI.cpp.o -o cmTC_d4ed5 
Using built-in specs.
COLLECT_GCC=/u/sw/toolchains/gcc-glibc/11/prefix/bin/g++
COLLECT_LTO_WRAPPER=/u/sw/toolchains/gcc-glibc/11/prefix/libexec/gcc/x86_64-mk-linux/11.1.0/lto-wrapper
Target: x86_64-mk-linux
Configured with: ../gcc-11.1.0/configure --build=x86_64-mk-linux --prefix=/u/sw/toolchains/gcc-glibc/11/prefix --with-local-prefix=/u/sw/toolchains/gcc-glibc/11/base --with-native-system-header-dir=/u/sw/toolchains/gcc-glibc/11/prefix/include --with-pkgversion=mk --with-bugurl=https://github.com/elauksap/mk/issues --disable-nls --disable-multilib --enable-shared --enable-threads=posix --enable-__cxa_atexit --enable-lto --enable-libgomp --disable-libstdcxx-pch --enable-bootstrap --enable-languages=c,c++,fortran
Thread model: posix
Supported LTO compression algorithms: zlib
gcc version 11.1.0 (mk) 
COMPILER_PATH=/u/sw/toolchains/gcc-glibc/11/prefix/libexec/gcc/x86_64-mk-linux/11.1.0/:/u/sw/toolchains/gcc-glibc/11/prefix/libexec/gcc/x86_64-mk-linux/11.1.0/:/u/sw/toolchains/gcc-glibc/11/prefix/libexec/gcc/x86_64-mk-linux/:/u/sw/toolchains/gcc-glibc/11/prefix/lib/gcc/x86_64-mk-linux/11.1.0/:/u/sw/toolchains/gcc-glibc/11/prefix/lib/gcc/x86_64-mk-linux/:/u/sw/toolchains/gcc-glibc/11/prefix/lib/gcc/x86_64-mk-linux/11.1.0/../../../../x86_64-mk-linux/bin/
LIBRARY_PATH=/u/sw/toolchains/gcc-glibc/11/prefix/lib/gcc/x86_64-mk-linux/11.1.0/:/u/sw/toolchains/gcc-glibc/11/prefix/lib/gcc/x86_64-mk-linux/11.1.0/../../../../x86_64-mk-linux/lib/../lib/:/u/sw/toolchains/gcc-glibc/11/prefix/lib/gcc/x86_64-mk-linux/11.1.0/../../../../lib/:/u/sw/toolchains/gcc-glibc/11/prefix/lib/gcc/x86_64-mk-linux/11.1.0/../../../../x86_64-mk-linux/lib/:/u/sw/toolchains/gcc-glibc/11/prefix/lib/gcc/x86_64-mk-linux/11.1.0/../../../:/u/sw/toolchains/gcc-glibc/11/prefix/lib:/u/sw/toolchains/gcc-glibc/11/base/lib
COLLECT_GCC_OPTIONS='-v' '-o' 'cmTC_d4ed5' '-shared-libgcc' '-mtune=generic' '-march=x86-64' '-dumpdir' 'cmTC_d4ed5.'
 /u/sw/toolchains/gcc-glibc/11/prefix/libexec/gcc/x86_64-mk-linux/11.1.0/collect2 -plugin /u/sw/toolchains/gcc-glibc/11/prefix/libexec/gcc/x86_64-mk-linux/11.1.0/liblto_plugin.so -plugin-opt=/u/sw/toolchains/gcc-glibc/11/prefix/libexec/gcc/x86_64-mk-linux/11.1.0/lto-wrapper -plugin-opt=-fresolution=/tmp/ccuXIDOT.res -plugin-opt=-pass-through=-lgcc_s -plugin-opt=-pass-through=-lgcc -plugin-opt=-pass-through=-lc -plugin-opt=-pass-through=-lgcc_s -plugin-opt=-pass-through=-lgcc --eh-frame-hdr -m elf_x86_64 -dynamic-linker /u/sw/toolchains/gcc-glibc/11/prefix/lib/ld-linux-x86-64.so.2 -o cmTC_d4ed5 /u/sw/toolchains/gcc-glibc/11/prefix/lib/gcc/x86_64-mk-linux/11.1.0/../../../../lib/crt1.o /u/sw/toolchains/gcc-glibc/11/prefix/lib/gcc/x86_64-mk-linux/11.1.0/../../../../lib/crti.o /u/sw/toolchains/gcc-glibc/11/prefix/lib/gcc/x86_64-mk-linux/11.1.0/crtbegin.o -L/u/sw/toolchains/gcc-glibc/11/prefix/lib/gcc/x86_64-mk-linux/11.1.0 -L/u/sw/toolchains/gcc-glibc/11/prefix/lib/gcc/x86_64-mk-linux/11.1.0/../../../../x86_64-mk-linux/lib/../lib -L/u/sw/toolchains/gcc-glibc/11/prefix/lib/gcc/x86_64-mk-linux/11.1.0/../../../../lib -L/u/sw/toolchains/gcc-glibc/11/prefix/lib/gcc/x86_64-mk-linux/11.1.0/../../../../x86_64-mk-linux/lib -L/u/sw/toolchains/gcc-glibc/11/prefix/lib/gcc/x86_64-mk-linux/11.1.0/../../.. -L/u/sw/toolchains/gcc-glibc/11/prefix/lib -L/u/sw/toolchains/gcc-glibc/11/base/lib CMakeFiles/cmTC_d4ed5.dir/CMakeCXXCompilerABI.cpp.o -lstdc++ -lm -lgcc_s -lgcc -lc -lgcc_s -lgcc /u/sw/toolchains/gcc-glibc/11/prefix/lib/gcc/x86_64-mk-linux/11.1.0/crtend.o /u/sw/toolchains/gcc-glibc/11/prefix/lib/gcc/x86_64-mk-linux/11.1.0/../../../../lib/crtn.o
COLLECT_GCC_OPTIONS='-v' '-o' 'cmTC_d4ed5' '-shared-libgcc' '-mtune=generic' '-march=x86-64' '-dumpdir' 'cmTC_d4ed5.'
gmake[1]: Leaving directory '/root/mnt/pybind_manylinux/build2/CMakeFiles/CMakeTmp'



Parsed CXX implicit include dir info from above output: rv=done
  found start of include info
  found start of implicit include info
    add: [/u/sw/toolchains/gcc-glibc/11/prefix/lib/gcc/x86_64-mk-linux/11.1.0/../../../../include/c++/11.1.0]
    add: [/u/sw/toolchains/gcc-glibc/11/prefix/lib/gcc/x86_64-mk-linux/11.1.0/../../../../include/c++/11.1.0/x86_64-mk-linux]
    add: [/u/sw/toolchains/gcc-glibc/11/prefix/lib/gcc/x86_64-mk-linux/11.1.0/../../../../include/c++/11.1.0/backward]
    add: [/u/sw/toolchains/gcc-glibc/11/prefix/lib/gcc/x86_64-mk-linux/11.1.0/include]
    add: [/u/sw/toolchains/gcc-glibc/11/base/include]
    add: [/u/sw/toolchains/gcc-glibc/11/prefix/include]
    add: [/u/sw/toolchains/gcc-glibc/11/prefix/lib/gcc/x86_64-mk-linux/11.1.0/include-fixed]
  end of search list found
  collapse include dir [/u/sw/toolchains/gcc-glibc/11/prefix/lib/gcc/x86_64-mk-linux/11.1.0/../../../../include/c++/11.1.0] ==> [/u/sw/toolchains/gcc-glibc/11/prefix/include/c++/11.1.0]
  collapse include dir [/u/sw/toolchains/gcc-glibc/11/prefix/lib/gcc/x86_64-mk-linux/11.1.0/../../../../include/c++/11.1.0/x86_64-mk-linux] ==> [/u/sw/toolchains/gcc-glibc/11/prefix/include/c++/11.1.0/x86_64-mk-linux]
  collapse include dir [/u/sw/toolchains/gcc-glibc/11/prefix/lib/gcc/x86_64-mk-linux/11.1.0/../../../../include/c++/11.1.0/backward] ==> [/u/sw/toolchains/gcc-glibc/11/prefix/include/c++/11.1.0/backward]
  collapse include dir [/u/sw/toolchains/gcc-glibc/11/prefix/lib/gcc/x86_64-mk-linux/11.1.0/include] ==> [/u/sw/toolchains/gcc-glibc/11/prefix/lib/gcc/x86_64-mk-linux/11.1.0/include]
  collapse include dir [/u/sw/toolchains/gcc-glibc/11/base/include] ==> [/u/sw/toolchains/gcc-glibc/11/base/include]
  collapse include dir [/u/sw/toolchains/gcc-glibc/11/prefix/include] ==> [/u/sw/toolchains/gcc-glibc/11/prefix/include]
  collapse include dir [/u/sw/toolchains/gcc-glibc/11/prefix/lib/gcc/x86_64-mk-linux/11.1.0/include-fixed] ==> [/u/sw/toolchains/gcc-glibc/11/prefix/lib/gcc/x86_64-mk-linux/11.1.0/include-fixed]
  implicit include dirs: [/u/sw/toolchains/gcc-glibc/11/prefix/include/c++/11.1.0;/u/sw/toolchains/gcc-glibc/11/prefix/include/c++/11.1.0/x86_64-mk-linux;/u/sw/toolchains/gcc-glibc/11/prefix/include/c++/11.1.0/backward;/u/sw/toolchains/gcc-glibc/11/prefix/lib/gcc/x86_64-mk-linux/11.1.0/include;/u/sw/toolchains/gcc-glibc/11/base/include;/u/sw/toolchains/gcc-glibc/11/prefix/include;/u/sw/toolchains/gcc-glibc/11/prefix/lib/gcc/x86_64-mk-linux/11.1.0/include-fixed]


Parsed CXX implicit link information from above output:
  link line regex: [^( *|.*[/\])(ld|CMAKE_LINK_STARTFILE-NOTFOUND|([^/\]+-)?ld|collect2)[^/\]*( |$)]
  ignore line: [Change Dir: /root/mnt/pybind_manylinux/build2/CMakeFiles/CMakeTmp]
  ignore line: []
  ignore line: [Run Build Command(s):/u/sw/toolchains/gcc-glibc/11/base/bin/gmake -f Makefile cmTC_d4ed5/fast && /u/sw/toolchains/gcc-glibc/11/base/bin/gmake  -f CMakeFiles/cmTC_d4ed5.dir/build.make CMakeFiles/cmTC_d4ed5.dir/build]
  ignore line: [gmake[1]: Entering directory '/root/mnt/pybind_manylinux/build2/CMakeFiles/CMakeTmp']
  ignore line: [Building CXX object CMakeFiles/cmTC_d4ed5.dir/CMakeCXXCompilerABI.cpp.o]
  ignore line: [/u/sw/toolchains/gcc-glibc/11/prefix/bin/g++   -v -o CMakeFiles/cmTC_d4ed5.dir/CMakeCXXCompilerABI.cpp.o -c /u/sw/toolchains/gcc-glibc/11/base/share/cmake-3.20/Modules/CMakeCXXCompilerABI.cpp]
  ignore line: [Using built-in specs.]
  ignore line: [COLLECT_GCC=/u/sw/toolchains/gcc-glibc/11/prefix/bin/g++]
  ignore line: [Target: x86_64-mk-linux]
  ignore line: [Configured with: ../gcc-11.1.0/configure --build=x86_64-mk-linux --prefix=/u/sw/toolchains/gcc-glibc/11/prefix --with-local-prefix=/u/sw/toolchains/gcc-glibc/11/base --with-native-system-header-dir=/u/sw/toolchains/gcc-glibc/11/prefix/include --with-pkgversion=mk --with-bugurl=https://github.com/elauksap/mk/issues --disable-nls --disable-multilib --enable-shared --enable-threads=posix --enable-__cxa_atexit --enable-lto --enable-libgomp --disable-libstdcxx-pch --enable-bootstrap --enable-languages=c c++ fortran]
  ignore line: [Thread model: posix]
  ignore line: [Supported LTO compression algorithms: zlib]
  ignore line: [gcc version 11.1.0 (mk) ]
  ignore line: [COLLECT_GCC_OPTIONS='-v' '-o' 'CMakeFiles/cmTC_d4ed5.dir/CMakeCXXCompilerABI.cpp.o' '-c' '-shared-libgcc' '-mtune=generic' '-march=x86-64' '-dumpdir' 'CMakeFiles/cmTC_d4ed5.dir/']
  ignore line: [ /u/sw/toolchains/gcc-glibc/11/prefix/libexec/gcc/x86_64-mk-linux/11.1.0/cc1plus -quiet -v -D_GNU_SOURCE /u/sw/toolchains/gcc-glibc/11/base/share/cmake-3.20/Modules/CMakeCXXCompilerABI.cpp -quiet -dumpdir CMakeFiles/cmTC_d4ed5.dir/ -dumpbase CMakeCXXCompilerABI.cpp.cpp -dumpbase-ext .cpp -mtune=generic -march=x86-64 -version -o /tmp/ccyTGJk3.s]
  ignore line: [GNU C++17 (mk) version 11.1.0 (x86_64-mk-linux)]
  ignore line: [	compiled by GNU C version 11.1.0  GMP version 6.2.1  MPFR version 4.1.0  MPC version 1.2.1  isl version isl-0.24-GMP]
  ignore line: []
  ignore line: [GGC heuristics: --param ggc-min-expand=100 --param ggc-min-heapsize=131072]
  ignore line: [ignoring nonexistent directory "/u/sw/toolchains/gcc-glibc/11/prefix/lib/gcc/x86_64-mk-linux/11.1.0/../../../../x86_64-mk-linux/include"]
  ignore line: [ignoring duplicate directory "/u/sw/toolchains/gcc-glibc/11/prefix/include"]
  ignore line: [#include "..." search starts here:]
  ignore line: [#include <...> search starts here:]
  ignore line: [ /u/sw/toolchains/gcc-glibc/11/prefix/lib/gcc/x86_64-mk-linux/11.1.0/../../../../include/c++/11.1.0]
  ignore line: [ /u/sw/toolchains/gcc-glibc/11/prefix/lib/gcc/x86_64-mk-linux/11.1.0/../../../../include/c++/11.1.0/x86_64-mk-linux]
  ignore line: [ /u/sw/toolchains/gcc-glibc/11/prefix/lib/gcc/x86_64-mk-linux/11.1.0/../../../../include/c++/11.1.0/backward]
  ignore line: [ /u/sw/toolchains/gcc-glibc/11/prefix/lib/gcc/x86_64-mk-linux/11.1.0/include]
  ignore line: [ /u/sw/toolchains/gcc-glibc/11/base/include]
  ignore line: [ /u/sw/toolchains/gcc-glibc/11/prefix/include]
  ignore line: [ /u/sw/toolchains/gcc-glibc/11/prefix/lib/gcc/x86_64-mk-linux/11.1.0/include-fixed]
  ignore line: [End of search list.]
  ignore line: [GNU C++17 (mk) version 11.1.0 (x86_64-mk-linux)]
  ignore line: [	compiled by GNU C version 11.1.0  GMP version 6.2.1  MPFR version 4.1.0  MPC version 1.2.1  isl version isl-0.24-GMP]
  ignore line: []
  ignore line: [GGC heuristics: --param ggc-min-expand=100 --param ggc-min-heapsize=131072]
  ignore line: [Compiler executable checksum: 6a85f491b0c11c58c8373c5a10a779b0]
  ignore line: [COLLECT_GCC_OPTIONS='-v' '-o' 'CMakeFiles/cmTC_d4ed5.dir/CMakeCXXCompilerABI.cpp.o' '-c' '-shared-libgcc' '-mtune=generic' '-march=x86-64' '-dumpdir' 'CMakeFiles/cmTC_d4ed5.dir/']
  ignore line: [ /u/sw/toolchains/gcc-glibc/11/prefix/lib/gcc/x86_64-mk-linux/11.1.0/../../../../x86_64-mk-linux/bin/as -v --64 -o CMakeFiles/cmTC_d4ed5.dir/CMakeCXXCompilerABI.cpp.o /tmp/ccyTGJk3.s]
  ignore line: [GNU assembler version 2.36.1 (x86_64-mk-linux) using BFD version (mk) 2.36.1]
  ignore line: [COMPILER_PATH=/u/sw/toolchains/gcc-glibc/11/prefix/libexec/gcc/x86_64-mk-linux/11.1.0/:/u/sw/toolchains/gcc-glibc/11/prefix/libexec/gcc/x86_64-mk-linux/11.1.0/:/u/sw/toolchains/gcc-glibc/11/prefix/libexec/gcc/x86_64-mk-linux/:/u/sw/toolchains/gcc-glibc/11/prefix/lib/gcc/x86_64-mk-linux/11.1.0/:/u/sw/toolchains/gcc-glibc/11/prefix/lib/gcc/x86_64-mk-linux/:/u/sw/toolchains/gcc-glibc/11/prefix/lib/gcc/x86_64-mk-linux/11.1.0/../../../../x86_64-mk-linux/bin/]
  ignore line: [LIBRARY_PATH=/u/sw/toolchains/gcc-glibc/11/prefix/lib/gcc/x86_64-mk-linux/11.1.0/:/u/sw/toolchains/gcc-glibc/11/prefix/lib/gcc/x86_64-mk-linux/11.1.0/../../../../x86_64-mk-linux/lib/../lib/:/u/sw/toolchains/gcc-glibc/11/prefix/lib/gcc/x86_64-mk-linux/11.1.0/../../../../lib/:/u/sw/toolchains/gcc-glibc/11/prefix/lib/gcc/x86_64-mk-linux/11.1.0/../../../../x86_64-mk-linux/lib/:/u/sw/toolchains/gcc-glibc/11/prefix/lib/gcc/x86_64-mk-linux/11.1.0/../../../:/u/sw/toolchains/gcc-glibc/11/prefix/lib:/u/sw/toolchains/gcc-glibc/11/base/lib]
  ignore line: [COLLECT_GCC_OPTIONS='-v' '-o' 'CMakeFiles/cmTC_d4ed5.dir/CMakeCXXCompilerABI.cpp.o' '-c' '-shared-libgcc' '-mtune=generic' '-march=x86-64' '-dumpdir' 'CMakeFiles/cmTC_d4ed5.dir/CMakeCXXCompilerABI.cpp.']
  ignore line: [Linking CXX executable cmTC_d4ed5]
  ignore line: [/u/sw/toolchains/gcc-glibc/11/base/bin/cmake -E cmake_link_script CMakeFiles/cmTC_d4ed5.dir/link.txt --verbose=1]
  ignore line: [/u/sw/toolchains/gcc-glibc/11/prefix/bin/g++  -v CMakeFiles/cmTC_d4ed5.dir/CMakeCXXCompilerABI.cpp.o -o cmTC_d4ed5 ]
  ignore line: [Using built-in specs.]
  ignore line: [COLLECT_GCC=/u/sw/toolchains/gcc-glibc/11/prefix/bin/g++]
  ignore line: [COLLECT_LTO_WRAPPER=/u/sw/toolchains/gcc-glibc/11/prefix/libexec/gcc/x86_64-mk-linux/11.1.0/lto-wrapper]
  ignore line: [Target: x86_64-mk-linux]
  ignore line: [Configured with: ../gcc-11.1.0/configure --build=x86_64-mk-linux --prefix=/u/sw/toolchains/gcc-glibc/11/prefix --with-local-prefix=/u/sw/toolchains/gcc-glibc/11/base --with-native-system-header-dir=/u/sw/toolchains/gcc-glibc/11/prefix/include --with-pkgversion=mk --with-bugurl=https://github.com/elauksap/mk/issues --disable-nls --disable-multilib --enable-shared --enable-threads=posix --enable-__cxa_atexit --enable-lto --enable-libgomp --disable-libstdcxx-pch --enable-bootstrap --enable-languages=c c++ fortran]
  ignore line: [Thread model: posix]
  ignore line: [Supported LTO compression algorithms: zlib]
  ignore line: [gcc version 11.1.0 (mk) ]
  ignore line: [COMPILER_PATH=/u/sw/toolchains/gcc-glibc/11/prefix/libexec/gcc/x86_64-mk-linux/11.1.0/:/u/sw/toolchains/gcc-glibc/11/prefix/libexec/gcc/x86_64-mk-linux/11.1.0/:/u/sw/toolchains/gcc-glibc/11/prefix/libexec/gcc/x86_64-mk-linux/:/u/sw/toolchains/gcc-glibc/11/prefix/lib/gcc/x86_64-mk-linux/11.1.0/:/u/sw/toolchains/gcc-glibc/11/prefix/lib/gcc/x86_64-mk-linux/:/u/sw/toolchains/gcc-glibc/11/prefix/lib/gcc/x86_64-mk-linux/11.1.0/../../../../x86_64-mk-linux/bin/]
  ignore line: [LIBRARY_PATH=/u/sw/toolchains/gcc-glibc/11/prefix/lib/gcc/x86_64-mk-linux/11.1.0/:/u/sw/toolchains/gcc-glibc/11/prefix/lib/gcc/x86_64-mk-linux/11.1.0/../../../../x86_64-mk-linux/lib/../lib/:/u/sw/toolchains/gcc-glibc/11/prefix/lib/gcc/x86_64-mk-linux/11.1.0/../../../../lib/:/u/sw/toolchains/gcc-glibc/11/prefix/lib/gcc/x86_64-mk-linux/11.1.0/../../../../x86_64-mk-linux/lib/:/u/sw/toolchains/gcc-glibc/11/prefix/lib/gcc/x86_64-mk-linux/11.1.0/../../../:/u/sw/toolchains/gcc-glibc/11/prefix/lib:/u/sw/toolchains/gcc-glibc/11/base/lib]
  ignore line: [COLLECT_GCC_OPTIONS='-v' '-o' 'cmTC_d4ed5' '-shared-libgcc' '-mtune=generic' '-march=x86-64' '-dumpdir' 'cmTC_d4ed5.']
  link line: [ /u/sw/toolchains/gcc-glibc/11/prefix/libexec/gcc/x86_64-mk-linux/11.1.0/collect2 -plugin /u/sw/toolchains/gcc-glibc/11/prefix/libexec/gcc/x86_64-mk-linux/11.1.0/liblto_plugin.so -plugin-opt=/u/sw/toolchains/gcc-glibc/11/prefix/libexec/gcc/x86_64-mk-linux/11.1.0/lto-wrapper -plugin-opt=-fresolution=/tmp/ccuXIDOT.res -plugin-opt=-pass-through=-lgcc_s -plugin-opt=-pass-through=-lgcc -plugin-opt=-pass-through=-lc -plugin-opt=-pass-through=-lgcc_s -plugin-opt=-pass-through=-lgcc --eh-frame-hdr -m elf_x86_64 -dynamic-linker /u/sw/toolchains/gcc-glibc/11/prefix/lib/ld-linux-x86-64.so.2 -o cmTC_d4ed5 /u/sw/toolchains/gcc-glibc/11/prefix/lib/gcc/x86_64-mk-linux/11.1.0/../../../../lib/crt1.o /u/sw/toolchains/gcc-glibc/11/prefix/lib/gcc/x86_64-mk-linux/11.1.0/../../../../lib/crti.o /u/sw/toolchains/gcc-glibc/11/prefix/lib/gcc/x86_64-mk-linux/11.1.0/crtbegin.o -L/u/sw/toolchains/gcc-glibc/11/prefix/lib/gcc/x86_64-mk-linux/11.1.0 -L/u/sw/toolchains/gcc-glibc/11/prefix/lib/gcc/x86_64-mk-linux/11.1.0/../../../../x86_64-mk-linux/lib/../lib -L/u/sw/toolchains/gcc-glibc/11/prefix/lib/gcc/x86_64-mk-linux/11.1.0/../../../../lib -L/u/sw/toolchains/gcc-glibc/11/prefix/lib/gcc/x86_64-mk-linux/11.1.0/../../../../x86_64-mk-linux/lib -L/u/sw/toolchains/gcc-glibc/11/prefix/lib/gcc/x86_64-mk-linux/11.1.0/../../.. -L/u/sw/toolchains/gcc-glibc/11/prefix/lib -L/u/sw/toolchains/gcc-glibc/11/base/lib CMakeFiles/cmTC_d4ed5.dir/CMakeCXXCompilerABI.cpp.o -lstdc++ -lm -lgcc_s -lgcc -lc -lgcc_s -lgcc /u/sw/toolchains/gcc-glibc/11/prefix/lib/gcc/x86_64-mk-linux/11.1.0/crtend.o /u/sw/toolchains/gcc-glibc/11/prefix/lib/gcc/x86_64-mk-linux/11.1.0/../../../../lib/crtn.o]
    arg [/u/sw/toolchains/gcc-glibc/11/prefix/libexec/gcc/x86_64-mk-linux/11.1.0/collect2] ==> ignore
    arg [-plugin] ==> ignore
    arg [/u/sw/toolchains/gcc-glibc/11/prefix/libexec/gcc/x86_64-mk-linux/11.1.0/liblto_plugin.so] ==> ignore
    arg [-plugin-opt=/u/sw/toolchains/gcc-glibc/11/prefix/libexec/gcc/x86_64-mk-linux/11.1.0/lto-wrapper] ==> ignore
    arg [-plugin-opt=-fresolution=/tmp/ccuXIDOT.res] ==> ignore
    arg [-plugin-opt=-pass-through=-lgcc_s] ==> ignore
    arg [-plugin-opt=-pass-through=-lgcc] ==> ignore
    arg [-plugin-opt=-pass-through=-lc] ==> ignore
    arg [-plugin-opt=-pass-through=-lgcc_s] ==> ignore
    arg [-plugin-opt=-pass-through=-lgcc] ==> ignore
    arg [--eh-frame-hdr] ==> ignore
    arg [-m] ==> ignore
    arg [elf_x86_64] ==> ignore
    arg [-dynamic-linker] ==> ignore
    arg [/u/sw/toolchains/gcc-glibc/11/prefix/lib/ld-linux-x86-64.so.2] ==> ignore
    arg [-o] ==> ignore
    arg [cmTC_d4ed5] ==> ignore
    arg [/u/sw/toolchains/gcc-glibc/11/prefix/lib/gcc/x86_64-mk-linux/11.1.0/../../../../lib/crt1.o] ==> obj [/u/sw/toolchains/gcc-glibc/11/prefix/lib/gcc/x86_64-mk-linux/11.1.0/../../../../lib/crt1.o]
    arg [/u/sw/toolchains/gcc-glibc/11/prefix/lib/gcc/x86_64-mk-linux/11.1.0/../../../../lib/crti.o] ==> obj [/u/sw/toolchains/gcc-glibc/11/prefix/lib/gcc/x86_64-mk-linux/11.1.0/../../../../lib/crti.o]
    arg [/u/sw/toolchains/gcc-glibc/11/prefix/lib/gcc/x86_64-mk-linux/11.1.0/crtbegin.o] ==> obj [/u/sw/toolchains/gcc-glibc/11/prefix/lib/gcc/x86_64-mk-linux/11.1.0/crtbegin.o]
    arg [-L/u/sw/toolchains/gcc-glibc/11/prefix/lib/gcc/x86_64-mk-linux/11.1.0] ==> dir [/u/sw/toolchains/gcc-glibc/11/prefix/lib/gcc/x86_64-mk-linux/11.1.0]
    arg [-L/u/sw/toolchains/gcc-glibc/11/prefix/lib/gcc/x86_64-mk-linux/11.1.0/../../../../x86_64-mk-linux/lib/../lib] ==> dir [/u/sw/toolchains/gcc-glibc/11/prefix/lib/gcc/x86_64-mk-linux/11.1.0/../../../../x86_64-mk-linux/lib/../lib]
    arg [-L/u/sw/toolchains/gcc-glibc/11/prefix/lib/gcc/x86_64-mk-linux/11.1.0/../../../../lib] ==> dir [/u/sw/toolchains/gcc-glibc/11/prefix/lib/gcc/x86_64-mk-linux/11.1.0/../../../../lib]
    arg [-L/u/sw/toolchains/gcc-glibc/11/prefix/lib/gcc/x86_64-mk-linux/11.1.0/../../../../x86_64-mk-linux/lib] ==> dir [/u/sw/toolchains/gcc-glibc/11/prefix/lib/gcc/x86_64-mk-linux/11.1.0/../../../../x86_64-mk-linux/lib]
    arg [-L/u/sw/toolchains/gcc-glibc/11/prefix/lib/gcc/x86_64-mk-linux/11.1.0/../../..] ==> dir [/u/sw/toolchains/gcc-glibc/11/prefix/lib/gcc/x86_64-mk-linux/11.1.0/../../..]
    arg [-L/u/sw/toolchains/gcc-glibc/11/prefix/lib] ==> dir [/u/sw/toolchains/gcc-glibc/11/prefix/lib]
    arg [-L/u/sw/toolchains/gcc-glibc/11/base/lib] ==> dir [/u/sw/toolchains/gcc-glibc/11/base/lib]
    arg [CMakeFiles/cmTC_d4ed5.dir/CMakeCXXCompilerABI.cpp.o] ==> ignore
    arg [-lstdc++] ==> lib [stdc++]
    arg [-lm] ==> lib [m]
    arg [-lgcc_s] ==> lib [gcc_s]
    arg [-lgcc] ==> lib [gcc]
    arg [-lc] ==> lib [c]
    arg [-lgcc_s] ==> lib [gcc_s]
    arg [-lgcc] ==> lib [gcc]
    arg [/u/sw/toolchains/gcc-glibc/11/prefix/lib/gcc/x86_64-mk-linux/11.1.0/crtend.o] ==> obj [/u/sw/toolchains/gcc-glibc/11/prefix/lib/gcc/x86_64-mk-linux/11.1.0/crtend.o]
    arg [/u/sw/toolchains/gcc-glibc/11/prefix/lib/gcc/x86_64-mk-linux/11.1.0/../../../../lib/crtn.o] ==> obj [/u/sw/toolchains/gcc-glibc/11/prefix/lib/gcc/x86_64-mk-linux/11.1.0/../../../../lib/crtn.o]
  collapse obj [/u/sw/toolchains/gcc-glibc/11/prefix/lib/gcc/x86_64-mk-linux/11.1.0/../../../../lib/crt1.o] ==> [/u/sw/toolchains/gcc-glibc/11/prefix/lib/crt1.o]
  collapse obj [/u/sw/toolchains/gcc-glibc/11/prefix/lib/gcc/x86_64-mk-linux/11.1.0/../../../../lib/crti.o] ==> [/u/sw/toolchains/gcc-glibc/11/prefix/lib/crti.o]
  collapse obj [/u/sw/toolchains/gcc-glibc/11/prefix/lib/gcc/x86_64-mk-linux/11.1.0/../../../../lib/crtn.o] ==> [/u/sw/toolchains/gcc-glibc/11/prefix/lib/crtn.o]
  collapse library dir [/u/sw/toolchains/gcc-glibc/11/prefix/lib/gcc/x86_64-mk-linux/11.1.0] ==> [/u/sw/toolchains/gcc-glibc/11/prefix/lib/gcc/x86_64-mk-linux/11.1.0]
  collapse library dir [/u/sw/toolchains/gcc-glibc/11/prefix/lib/gcc/x86_64-mk-linux/11.1.0/../../../../x86_64-mk-linux/lib/../lib] ==> [/u/sw/toolchains/gcc-glibc/11/prefix/x86_64-mk-linux/lib]
  collapse library dir [/u/sw/toolchains/gcc-glibc/11/prefix/lib/gcc/x86_64-mk-linux/11.1.0/../../../../lib] ==> [/u/sw/toolchains/gcc-glibc/11/prefix/lib]
  collapse library dir [/u/sw/toolchains/gcc-glibc/11/prefix/lib/gcc/x86_64-mk-linux/11.1.0/../../../../x86_64-mk-linux/lib] ==> [/u/sw/toolchains/gcc-glibc/11/prefix/x86_64-mk-linux/lib]
  collapse library dir [/u/sw/toolchains/gcc-glibc/11/prefix/lib/gcc/x86_64-mk-linux/11.1.0/../../..] ==> [/u/sw/toolchains/gcc-glibc/11/prefix/lib]
  collapse library dir [/u/sw/toolchains/gcc-glibc/11/prefix/lib] ==> [/u/sw/toolchains/gcc-glibc/11/prefix/lib]
  collapse library dir [/u/sw/toolchains/gcc-glibc/11/base/lib] ==> [/u/sw/toolchains/gcc-glibc/11/base/lib]
  implicit libs: [stdc++;m;gcc_s;gcc;c;gcc_s;gcc]
  implicit objs: [/u/sw/toolchains/gcc-glibc/11/prefix/lib/crt1.o;/u/sw/toolchains/gcc-glibc/11/prefix/lib/crti.o;/u/sw/toolchains/gcc-glibc/11/prefix/lib/gcc/x86_64-mk-linux/11.1.0/crtbegin.o;/u/sw/toolchains/gcc-glibc/11/prefix/lib/gcc/x86_64-mk-linux/11.1.0/crtend.o;/u/sw/toolchains/gcc-glibc/11/prefix/lib/crtn.o]
  implicit dirs: [/u/sw/toolchains/gcc-glibc/11/prefix/lib/gcc/x86_64-mk-linux/11.1.0;/u/sw/toolchains/gcc-glibc/11/prefix/x86_64-mk-linux/lib;/u/sw/toolchains/gcc-glibc/11/prefix/lib;/u/sw/toolchains/gcc-glibc/11/base/lib]
  implicit fwks: []


Performing C++ SOURCE FILE Test HAS_FLTO succeeded with the following output:
Change Dir: /root/mnt/pybind_manylinux/build2/CMakeFiles/CMakeTmp

Run Build Command(s):/u/sw/toolchains/gcc-glibc/11/base/bin/gmake -f Makefile cmTC_385d3/fast && /u/sw/toolchains/gcc-glibc/11/base/bin/gmake  -f CMakeFiles/cmTC_385d3.dir/build.make CMakeFiles/cmTC_385d3.dir/build
gmake[1]: Entering directory '/root/mnt/pybind_manylinux/build2/CMakeFiles/CMakeTmp'
Building CXX object CMakeFiles/cmTC_385d3.dir/src.cxx.o
/u/sw/toolchains/gcc-glibc/11/prefix/bin/g++ -DHAS_FLTO  -Wall    -flto -fno-fat-lto-objects -o CMakeFiles/cmTC_385d3.dir/src.cxx.o -c /root/mnt/pybind_manylinux/build2/CMakeFiles/CMakeTmp/src.cxx
Linking CXX executable cmTC_385d3
/u/sw/toolchains/gcc-glibc/11/base/bin/cmake -E cmake_link_script CMakeFiles/cmTC_385d3.dir/link.txt --verbose=1
/u/sw/toolchains/gcc-glibc/11/prefix/bin/g++ -Wall  CMakeFiles/cmTC_385d3.dir/src.cxx.o -o cmTC_385d3  -flto 
gmake[1]: Leaving directory '/root/mnt/pybind_manylinux/build2/CMakeFiles/CMakeTmp'


Source file was:
int main() { return 0; }
